<?xml version="1.0" encoding="UTF-8"?>
<!-- Generated by org.testng.reporters.JUnitXMLReporter -->
<testsuite hostname="qasimsobeh-lt" ignored="16" name="All-Suite" tests="17" failures="0" timestamp="24 Jan 2018 19:56:04 GMT" time="0.115" errors="0">
  <testcase name="@AfterTest tearDown" time="0.001" classname="com.qasim.framework.BaseTest">
    <failure type="java.lang.NullPointerException">
      <![CDATA[java.lang.NullPointerExceptionat com.qasim.framework.BaseTest.tearDown(BaseTest.java:143)... Removed 24 stack frames]]>
    </failure>
  </testcase> <!-- @AfterTest tearDown -->
  <testcase name="Start" time="0.022" classname="com.qasim.framework.BaseTest"/>
  <testcase name="Start" time="0.022" classname="com.qasim.framework.BaseTest"/>
  <testcase name="Start" time="0.022" classname="com.qasim.framework.BaseTest"/>
  <testcase name="Start" time="0.022" classname="com.qasim.framework.BaseTest"/>
  <testcase name="Start" time="0.022" classname="com.qasim.framework.BaseTest"/>
  <testcase name="Start" time="0.022" classname="com.qasim.framework.BaseTest"/>
  <testcase name="Start" time="0.023" classname="com.qasim.framework.BaseTest"/>
  <testcase name="Start" time="0.025" classname="com.qasim.framework.BaseTest"/>
  <testcase name="Start" time="0.027" classname="com.qasim.framework.BaseTest"/>
  <testcase name="Start" time="0.027" classname="com.qasim.framework.BaseTest"/>
  <testcase name="Start" time="0.027" classname="com.qasim.framework.BaseTest"/>
  <testcase name="Start" time="0.032" classname="com.qasim.framework.BaseTest"/>
  <testcase name="Start" time="0.032" classname="com.qasim.framework.BaseTest"/>
  <testcase name="Start" time="0.032" classname="com.qasim.framework.BaseTest"/>
  <testcase name="Start" time="0.032" classname="com.qasim.framework.BaseTest"/>
  <testcase name="Start" time="0.037" classname="com.qasim.framework.BaseTest"/>
  <testcase name="Start" time="0.037" classname="com.qasim.framework.BaseTest"/>
  <testcase name="@AfterTest tearDown" time="0.0" classname="com.qasim.framework.BaseTest">
    <ignored/>
  </testcase> <!-- @AfterTest tearDown -->
  <testcase name="@AfterTest tearDown" time="0.0" classname="com.qasim.framework.BaseTest">
    <ignored/>
  </testcase> <!-- @AfterTest tearDown -->
  <testcase name="@AfterTest tearDown" time="0.0" classname="com.qasim.framework.BaseTest">
    <ignored/>
  </testcase> <!-- @AfterTest tearDown -->
  <testcase name="@AfterTest tearDown" time="0.0" classname="com.qasim.framework.BaseTest">
    <ignored/>
  </testcase> <!-- @AfterTest tearDown -->
  <testcase name="@AfterTest tearDown" time="0.0" classname="com.qasim.framework.BaseTest">
    <ignored/>
  </testcase> <!-- @AfterTest tearDown -->
  <testcase name="@AfterTest tearDown" time="0.0" classname="com.qasim.framework.BaseTest">
    <ignored/>
  </testcase> <!-- @AfterTest tearDown -->
  <testcase name="@AfterTest tearDown" time="0.0" classname="com.qasim.framework.BaseTest">
    <ignored/>
  </testcase> <!-- @AfterTest tearDown -->
  <testcase name="@AfterTest tearDown" time="0.0" classname="com.qasim.framework.BaseTest">
    <ignored/>
  </testcase> <!-- @AfterTest tearDown -->
  <testcase name="@AfterTest tearDown" time="0.0" classname="com.qasim.framework.BaseTest">
    <ignored/>
  </testcase> <!-- @AfterTest tearDown -->
  <testcase name="@AfterTest tearDown" time="0.0" classname="com.qasim.framework.BaseTest">
    <ignored/>
  </testcase> <!-- @AfterTest tearDown -->
  <testcase name="@AfterTest tearDown" time="0.0" classname="com.qasim.framework.BaseTest">
    <ignored/>
  </testcase> <!-- @AfterTest tearDown -->
  <testcase name="@AfterTest tearDown" time="0.0" classname="com.qasim.framework.BaseTest">
    <ignored/>
  </testcase> <!-- @AfterTest tearDown -->
  <testcase name="@AfterTest tearDown" time="0.0" classname="com.qasim.framework.BaseTest">
    <ignored/>
  </testcase> <!-- @AfterTest tearDown -->
  <testcase name="@AfterTest tearDown" time="0.0" classname="com.qasim.framework.BaseTest">
    <ignored/>
  </testcase> <!-- @AfterTest tearDown -->
  <testcase name="@AfterTest tearDown" time="0.0" classname="com.qasim.framework.BaseTest">
    <ignored/>
  </testcase> <!-- @AfterTest tearDown -->
  <testcase name="@AfterTest tearDown" time="0.0" classname="com.qasim.framework.BaseTest">
    <ignored/>
  </testcase> <!-- @AfterTest tearDown -->
</testsuite> <!-- All-Suite -->
