<?xml version="1.0" encoding="UTF-8"?>
<!-- Generated by org.testng.reporters.JUnitXMLReporter -->
<testsuite hostname="qasimsobeh-lt" ignored="15" name="All-Suite" tests="16" failures="0" timestamp="11 Jan 2018 21:44:22 GMT" time="0.094" errors="0">
  <testcase name="@AfterTest tearDown" time="0.0" classname="com.qasim.framework.BaseTest">
    <failure type="java.lang.NullPointerException">
      <![CDATA[java.lang.NullPointerExceptionat com.qasim.framework.BaseTest.tearDown(BaseTest.java:144)... Removed 24 stack frames]]>
    </failure>
  </testcase> <!-- @AfterTest tearDown -->
  <testcase name="Start" time="0.016" classname="com.qasim.framework.BaseTest"/>
  <testcase name="Start" time="0.016" classname="com.qasim.framework.BaseTest"/>
  <testcase name="Start" time="0.016" classname="com.qasim.framework.BaseTest"/>
  <testcase name="Start" time="0.016" classname="com.qasim.framework.BaseTest"/>
  <testcase name="Start" time="0.016" classname="com.qasim.framework.BaseTest"/>
  <testcase name="Start" time="0.016" classname="com.qasim.framework.BaseTest"/>
  <testcase name="Start" time="0.016" classname="com.qasim.framework.BaseTest"/>
  <testcase name="Start" time="0.016" classname="com.qasim.framework.BaseTest"/>
  <testcase name="Start" time="0.031" classname="com.qasim.framework.BaseTest"/>
  <testcase name="Start" time="0.031" classname="com.qasim.framework.BaseTest"/>
  <testcase name="Start" time="0.031" classname="com.qasim.framework.BaseTest"/>
  <testcase name="Start" time="0.031" classname="com.qasim.framework.BaseTest"/>
  <testcase name="Start" time="0.031" classname="com.qasim.framework.BaseTest"/>
  <testcase name="Start" time="0.031" classname="com.qasim.framework.BaseTest"/>
  <testcase name="Start" time="0.031" classname="com.qasim.framework.BaseTest"/>
  <testcase name="Start" time="0.031" classname="com.qasim.framework.BaseTest"/>
  <testcase name="@AfterTest tearDown" time="0.0" classname="com.qasim.framework.BaseTest">
    <ignored/>
  </testcase> <!-- @AfterTest tearDown -->
  <testcase name="@AfterTest tearDown" time="0.0" classname="com.qasim.framework.BaseTest">
    <ignored/>
  </testcase> <!-- @AfterTest tearDown -->
  <testcase name="@AfterTest tearDown" time="0.0" classname="com.qasim.framework.BaseTest">
    <ignored/>
  </testcase> <!-- @AfterTest tearDown -->
  <testcase name="@AfterTest tearDown" time="0.0" classname="com.qasim.framework.BaseTest">
    <ignored/>
  </testcase> <!-- @AfterTest tearDown -->
  <testcase name="@AfterTest tearDown" time="0.0" classname="com.qasim.framework.BaseTest">
    <ignored/>
  </testcase> <!-- @AfterTest tearDown -->
  <testcase name="@AfterTest tearDown" time="0.0" classname="com.qasim.framework.BaseTest">
    <ignored/>
  </testcase> <!-- @AfterTest tearDown -->
  <testcase name="@AfterTest tearDown" time="0.0" classname="com.qasim.framework.BaseTest">
    <ignored/>
  </testcase> <!-- @AfterTest tearDown -->
  <testcase name="@AfterTest tearDown" time="0.0" classname="com.qasim.framework.BaseTest">
    <ignored/>
  </testcase> <!-- @AfterTest tearDown -->
  <testcase name="@AfterTest tearDown" time="0.0" classname="com.qasim.framework.BaseTest">
    <ignored/>
  </testcase> <!-- @AfterTest tearDown -->
  <testcase name="@AfterTest tearDown" time="0.0" classname="com.qasim.framework.BaseTest">
    <ignored/>
  </testcase> <!-- @AfterTest tearDown -->
  <testcase name="@AfterTest tearDown" time="0.0" classname="com.qasim.framework.BaseTest">
    <ignored/>
  </testcase> <!-- @AfterTest tearDown -->
  <testcase name="@AfterTest tearDown" time="0.0" classname="com.qasim.framework.BaseTest">
    <ignored/>
  </testcase> <!-- @AfterTest tearDown -->
  <testcase name="@AfterTest tearDown" time="0.0" classname="com.qasim.framework.BaseTest">
    <ignored/>
  </testcase> <!-- @AfterTest tearDown -->
  <testcase name="@AfterTest tearDown" time="0.0" classname="com.qasim.framework.BaseTest">
    <ignored/>
  </testcase> <!-- @AfterTest tearDown -->
  <testcase name="@AfterTest tearDown" time="0.0" classname="com.qasim.framework.BaseTest">
    <ignored/>
  </testcase> <!-- @AfterTest tearDown -->
</testsuite> <!-- All-Suite -->
