<?xml version="1.0" encoding="UTF-8"?>
<!-- Generated by org.testng.reporters.JUnitXMLReporter -->
<testsuite hostname="qasimsobeh-lt" ignored="1" name="One-Tset-On-One-Device" tests="2" failures="1" timestamp="24 Jan 2018 20:04:06 GMT" time="481.444" errors="0">
  <testcase name="@AfterTest tearDown" time="1.002" classname="com.qasim.framework.BaseTest">
    <failure type="com.experitest.client.InternalException" message="Connectivity Exception, verify studio is open and the right port is been used">
      <![CDATA[com.experitest.client.InternalException: Connectivity Exception, verify studio is open and the right port is been usedat com.experitest.client.JavaClientInternals.executeInternally(JavaClientInternals.java:192)at com.experitest.client.Client.execute(Client.java:247)at com.experitest.client.Client.releaseClient(Client.java:1792)at com.qasim.framework.BaseTest.tearDown(BaseTest.java:143)Caused by: org.apache.xmlrpc.XmlRpcException: Failed to read server's response: Connection refused: connectat org.apache.xmlrpc.client.XmlRpcStreamTransport.sendRequest(XmlRpcStreamTransport.java:161)at org.apache.xmlrpc.client.XmlRpcHttpTransport.sendRequest(XmlRpcHttpTransport.java:115)at org.apache.xmlrpc.client.XmlRpcSunHttpTransport.sendRequest(XmlRpcSunHttpTransport.java:69)at org.apache.xmlrpc.client.XmlRpcClientWorker.execute(XmlRpcClientWorker.java:56)at org.apache.xmlrpc.client.XmlRpcClient.execute(XmlRpcClient.java:167)at org.apache.xmlrpc.client.XmlRpcClient.execute(XmlRpcClient.java:137)at org.apache.xmlrpc.client.XmlRpcClient.execute(XmlRpcClient.java:126)at com.experitest.client.JavaClientInternals.executeXmlRpcCommand(JavaClientInternals.java:285)at com.experitest.client.JavaClientInternals.executeInternally(JavaClientInternals.java:189)... 27 moreCaused by: java.net.ConnectException: Connection refused: connectat java.net.DualStackPlainSocketImpl.connect0(Native Method)at java.net.DualStackPlainSocketImpl.socketConnect(Unknown Source)at java.net.AbstractPlainSocketImpl.doConnect(Unknown Source)at java.net.AbstractPlainSocketImpl.connectToAddress(Unknown Source)at java.net.AbstractPlainSocketImpl.connect(Unknown Source)at java.net.PlainSocketImpl.connect(Unknown Source)at java.net.SocksSocketImpl.connect(Unknown Source)at java.net.Socket.connect(Unknown Source)at java.net.Socket.connect(Unknown Source)at sun.net.NetworkClient.doConnect(Unknown Source)at sun.net.www.http.HttpClient.openServer(Unknown Source)at sun.net.www.http.HttpClient.openServer(Unknown Source)at sun.net.www.http.HttpClient.<init>(Unknown Source)at sun.net.www.http.HttpClient.New(Unknown Source)at sun.net.www.http.HttpClient.New(Unknown Source)at sun.net.www.protocol.http.HttpURLConnection.getNewHttpClient(Unknown Source)at sun.net.www.protocol.http.HttpURLConnection.plainConnect0(Unknown Source)at sun.net.www.protocol.http.HttpURLConnection.plainConnect(Unknown Source)at sun.net.www.protocol.http.HttpURLConnection.connect(Unknown Source)at sun.net.www.protocol.http.HttpURLConnection.getOutputStream0(Unknown Source)at sun.net.www.protocol.http.HttpURLConnection.getOutputStream(Unknown Source)at org.apache.xmlrpc.client.XmlRpcSunHttpTransport.writeRequest(XmlRpcSunHttpTransport.java:104)at org.apache.xmlrpc.client.XmlRpcStreamTransport.sendRequest(XmlRpcStreamTransport.java:151)... 35 more... Removed 24 stack frames]]>
    </failure>
  </testcase> <!-- @AfterTest tearDown -->
  <testcase name="Start" time="141.946" classname="com.qasim.framework.BaseTest"/>
  <testcase name="Start" time="480.407" classname="com.qasim.framework.BaseTest">
    <failure type="com.experitest.client.InternalException" message="Connectivity Exception, verify studio is open and the right port is been used">
      <![CDATA[com.experitest.client.InternalException: Connectivity Exception, verify studio is open and the right port is been usedat com.experitest.client.JavaClientInternals.executeInternally(JavaClientInternals.java:192)at com.experitest.client.Client.execute(Client.java:247)at com.experitest.client.Client.collectSupportData(Client.java:604)at com.qasim.framework.BaseTest.startTest(BaseTest.java:208)at com.qasim.framework.BaseTest.Start(BaseTest.java:462)at java.util.concurrent.ThreadPoolExecutor.runWorker(Unknown Source)at java.util.concurrent.ThreadPoolExecutor$Worker.run(Unknown Source)at java.lang.Thread.run(Unknown Source)Caused by: org.apache.xmlrpc.XmlRpcException: Failed to read server's response: Connection refused: connectat org.apache.xmlrpc.client.XmlRpcStreamTransport.sendRequest(XmlRpcStreamTransport.java:161)at org.apache.xmlrpc.client.XmlRpcHttpTransport.sendRequest(XmlRpcHttpTransport.java:115)at org.apache.xmlrpc.client.XmlRpcSunHttpTransport.sendRequest(XmlRpcSunHttpTransport.java:69)at org.apache.xmlrpc.client.XmlRpcClientWorker.execute(XmlRpcClientWorker.java:56)at org.apache.xmlrpc.client.XmlRpcClient.execute(XmlRpcClient.java:167)at org.apache.xmlrpc.client.XmlRpcClient.execute(XmlRpcClient.java:137)at org.apache.xmlrpc.client.XmlRpcClient.execute(XmlRpcClient.java:126)at com.experitest.client.JavaClientInternals.executeXmlRpcCommand(JavaClientInternals.java:285)at com.experitest.client.JavaClientInternals.executeInternally(JavaClientInternals.java:189)... 16 moreCaused by: java.net.ConnectException: Connection refused: connectat java.net.DualStackPlainSocketImpl.connect0(Native Method)at java.net.DualStackPlainSocketImpl.socketConnect(Unknown Source)at java.net.AbstractPlainSocketImpl.doConnect(Unknown Source)at java.net.AbstractPlainSocketImpl.connectToAddress(Unknown Source)at java.net.AbstractPlainSocketImpl.connect(Unknown Source)at java.net.PlainSocketImpl.connect(Unknown Source)at java.net.SocksSocketImpl.connect(Unknown Source)at java.net.Socket.connect(Unknown Source)at java.net.Socket.connect(Unknown Source)at sun.net.NetworkClient.doConnect(Unknown Source)at sun.net.www.http.HttpClient.openServer(Unknown Source)at sun.net.www.http.HttpClient.openServer(Unknown Source)at sun.net.www.http.HttpClient.<init>(Unknown Source)at sun.net.www.http.HttpClient.New(Unknown Source)at sun.net.www.http.HttpClient.New(Unknown Source)at sun.net.www.protocol.http.HttpURLConnection.getNewHttpClient(Unknown Source)at sun.net.www.protocol.http.HttpURLConnection.plainConnect0(Unknown Source)at sun.net.www.protocol.http.HttpURLConnection.plainConnect(Unknown Source)at sun.net.www.protocol.http.HttpURLConnection.connect(Unknown Source)at sun.net.www.protocol.http.HttpURLConnection.getOutputStream0(Unknown Source)at sun.net.www.protocol.http.HttpURLConnection.getOutputStream(Unknown Source)at org.apache.xmlrpc.client.XmlRpcSunHttpTransport.writeRequest(XmlRpcSunHttpTransport.java:104)at org.apache.xmlrpc.client.XmlRpcStreamTransport.sendRequest(XmlRpcStreamTransport.java:151)... 24 more... Removed 9 stack frames]]>
    </failure>
  </testcase> <!-- Start -->
  <testcase name="@AfterTest tearDown" time="0.0" classname="com.qasim.framework.BaseTest">
    <ignored/>
  </testcase> <!-- @AfterTest tearDown -->
</testsuite> <!-- One-Tset-On-One-Device -->
