<?xml version="1.0" encoding="UTF-8"?>
<!-- Generated by org.testng.reporters.JUnitXMLReporter -->
<testsuite hostname="DESKTOP-ASJ2K1S" ignored="1" name="One-Tset-On-One-Device" tests="2" failures="0" timestamp="20 Jan 2018 22:55:29 GMT" time="661.435" errors="0">
  <testcase name="Start" time="661.339" classname="com.qasim.framework.BaseTest"/>
  <testcase name="Start" time="661.376" classname="com.qasim.framework.BaseTest"/>
  <testcase name="@AfterTest tearDown" time="0.0" classname="com.qasim.framework.BaseTest">
    <ignored/>
  </testcase> <!-- @AfterTest tearDown -->
</testsuite> <!-- One-Tset-On-One-Device -->
