<?xml version="1.0" encoding="UTF-8"?>
<testng-results skipped="0" failed="0" ignored="17" total="36" passed="19">
  <reporter-output>
  </reporter-output>
  <suite name="Qasim-Suite" duration-ms="662149" started-at="2018-01-20T22:44:27Z" finished-at="2018-01-20T22:55:29Z">
    <groups>
    </groups>
    <test name="All-Suite" duration-ms="480" started-at="2018-01-20T22:44:27Z" finished-at="2018-01-20T22:44:28Z">
      <class name="com.qasim.test.CSVloginAndroid">
        <test-method status="PASS" signature="Start(org.testng.ITestContext)[pri:0, instance:com.qasim.test.CSVloginAndroid@4883b407]" name="Start" duration-ms="187" started-at="2018-01-21T00:44:27Z" finished-at="2018-01-21T00:44:27Z">
          <params>
            <param index="0">
              <value>
                <![CDATA[org.testng.TestRunner@662df9f5]]>
              </value>
            </param>
          </params>
          <reporter-output>
          </reporter-output>
        </test-method> <!-- Start -->
      </class> <!-- com.qasim.test.CSVloginAndroid -->
      <class name="com.qasim.test.downloadAppAndroid">
        <test-method status="PASS" signature="Start(org.testng.ITestContext)[pri:0, instance:com.qasim.test.downloadAppAndroid@39c0f4a]" name="Start" duration-ms="45" started-at="2018-01-21T00:44:27Z" finished-at="2018-01-21T00:44:27Z">
          <params>
            <param index="0">
              <value>
                <![CDATA[org.testng.TestRunner@662df9f5]]>
              </value>
            </param>
          </params>
          <reporter-output>
          </reporter-output>
        </test-method> <!-- Start -->
      </class> <!-- com.qasim.test.downloadAppAndroid -->
      <class name="com.qasim.test.EribankMakePaymentAndroid">
        <test-method status="PASS" signature="Start(org.testng.ITestContext)[pri:0, instance:com.qasim.test.EribankMakePaymentAndroid@343f4d3d]" name="Start" duration-ms="137" started-at="2018-01-21T00:44:27Z" finished-at="2018-01-21T00:44:27Z">
          <params>
            <param index="0">
              <value>
                <![CDATA[org.testng.TestRunner@662df9f5]]>
              </value>
            </param>
          </params>
          <reporter-output>
          </reporter-output>
        </test-method> <!-- Start -->
      </class> <!-- com.qasim.test.EribankMakePaymentAndroid -->
      <class name="com.qasim.test.myAppPlay">
        <test-method status="PASS" signature="Start(org.testng.ITestContext)[pri:0, instance:com.qasim.test.myAppPlay@57fffcd7]" name="Start" duration-ms="138" started-at="2018-01-21T00:44:27Z" finished-at="2018-01-21T00:44:27Z">
          <params>
            <param index="0">
              <value>
                <![CDATA[org.testng.TestRunner@662df9f5]]>
              </value>
            </param>
          </params>
          <reporter-output>
          </reporter-output>
        </test-method> <!-- Start -->
      </class> <!-- com.qasim.test.myAppPlay -->
      <class name="com.qasim.test.CNNaAndroid">
        <test-method status="PASS" signature="Start(org.testng.ITestContext)[pri:0, instance:com.qasim.test.CNNaAndroid@7cd62f43]" name="Start" duration-ms="93" started-at="2018-01-21T00:44:27Z" finished-at="2018-01-21T00:44:27Z">
          <params>
            <param index="0">
              <value>
                <![CDATA[org.testng.TestRunner@662df9f5]]>
              </value>
            </param>
          </params>
          <reporter-output>
          </reporter-output>
        </test-method> <!-- Start -->
        <test-method status="FAIL" signature="tearDown()[pri:0, instance:com.qasim.test.CNNaAndroid@7cd62f43]" name="tearDown" is-config="true" duration-ms="1" started-at="2018-01-21T00:44:27Z" finished-at="2018-01-21T00:44:27Z">
          <exception class="java.lang.NullPointerException">
            <full-stacktrace>
              <![CDATA[java.lang.NullPointerExceptionat com.qasim.framework.BaseTest.tearDown(BaseTest.java:142)at sun.reflect.NativeMethodAccessorImpl.invoke0(Native Method)at sun.reflect.NativeMethodAccessorImpl.invoke(Unknown Source)at sun.reflect.DelegatingMethodAccessorImpl.invoke(Unknown Source)at java.lang.reflect.Method.invoke(Unknown Source)at org.testng.internal.MethodInvocationHelper.invokeMethod(MethodInvocationHelper.java:124)at org.testng.internal.MethodInvocationHelper.invokeMethodConsideringTimeout(MethodInvocationHelper.java:59)at org.testng.internal.Invoker.invokeConfigurationMethod(Invoker.java:451)at org.testng.internal.Invoker.invokeConfigurations(Invoker.java:222)at org.testng.internal.Invoker.invokeConfigurations(Invoker.java:142)at org.testng.TestRunner.afterRun(TestRunner.java:725)at org.testng.TestRunner.run(TestRunner.java:509)at org.testng.SuiteRunner.runTest(SuiteRunner.java:455)at org.testng.SuiteRunner.runSequentially(SuiteRunner.java:450)at org.testng.SuiteRunner.privateRun(SuiteRunner.java:415)at org.testng.SuiteRunner.run(SuiteRunner.java:364)at org.testng.SuiteRunnerWorker.runSuite(SuiteRunnerWorker.java:52)at org.testng.SuiteRunnerWorker.run(SuiteRunnerWorker.java:84)at org.testng.TestNG.runSuitesSequentially(TestNG.java:1187)at org.testng.TestNG.runSuitesLocally(TestNG.java:1116)at org.testng.TestNG.runSuites(TestNG.java:1028)at org.testng.TestNG.run(TestNG.java:996)at org.testng.remote.AbstractRemoteTestNG.run(AbstractRemoteTestNG.java:114)at org.testng.remote.RemoteTestNG.initAndRun(RemoteTestNG.java:251)at org.testng.remote.RemoteTestNG.main(RemoteTestNG.java:77)]]>
            </full-stacktrace>
          </exception> <!-- java.lang.NullPointerException -->
          <reporter-output>
          </reporter-output>
        </test-method> <!-- tearDown -->
      </class> <!-- com.qasim.test.CNNaAndroid -->
      <class name="com.qasim.test.CNNbAndroid">
        <test-method status="PASS" signature="Start(org.testng.ITestContext)[pri:0, instance:com.qasim.test.CNNbAndroid@6093dd95]" name="Start" duration-ms="121" started-at="2018-01-21T00:44:27Z" finished-at="2018-01-21T00:44:27Z">
          <params>
            <param index="0">
              <value>
                <![CDATA[org.testng.TestRunner@662df9f5]]>
              </value>
            </param>
          </params>
          <reporter-output>
          </reporter-output>
        </test-method> <!-- Start -->
      </class> <!-- com.qasim.test.CNNbAndroid -->
      <class name="com.qasim.test.EribankMakePaymentIOS">
        <test-method status="PASS" signature="Start(org.testng.ITestContext)[pri:0, instance:com.qasim.test.EribankMakePaymentIOS@6eebc39e]" name="Start" duration-ms="135" started-at="2018-01-21T00:44:27Z" finished-at="2018-01-21T00:44:27Z">
          <params>
            <param index="0">
              <value>
                <![CDATA[org.testng.TestRunner@662df9f5]]>
              </value>
            </param>
          </params>
          <reporter-output>
          </reporter-output>
        </test-method> <!-- Start -->
      </class> <!-- com.qasim.test.EribankMakePaymentIOS -->
      <class name="com.qasim.test.CSVloginIOS">
        <test-method status="PASS" signature="Start(org.testng.ITestContext)[pri:0, instance:com.qasim.test.CSVloginIOS@7d9d1a19]" name="Start" duration-ms="48" started-at="2018-01-21T00:44:27Z" finished-at="2018-01-21T00:44:27Z">
          <params>
            <param index="0">
              <value>
                <![CDATA[org.testng.TestRunner@662df9f5]]>
              </value>
            </param>
          </params>
          <reporter-output>
          </reporter-output>
        </test-method> <!-- Start -->
      </class> <!-- com.qasim.test.CSVloginIOS -->
      <class name="com.qasim.test.downloadAppIOS">
        <test-method status="PASS" signature="Start(org.testng.ITestContext)[pri:0, instance:com.qasim.test.downloadAppIOS@1794d431]" name="Start" duration-ms="186" started-at="2018-01-21T00:44:27Z" finished-at="2018-01-21T00:44:27Z">
          <params>
            <param index="0">
              <value>
                <![CDATA[org.testng.TestRunner@662df9f5]]>
              </value>
            </param>
          </params>
          <reporter-output>
          </reporter-output>
        </test-method> <!-- Start -->
      </class> <!-- com.qasim.test.downloadAppIOS -->
      <class name="com.qasim.test.CNNbIOS">
        <test-method status="PASS" signature="Start(org.testng.ITestContext)[pri:0, instance:com.qasim.test.CNNbIOS@5622fdf]" name="Start" duration-ms="51" started-at="2018-01-21T00:44:27Z" finished-at="2018-01-21T00:44:27Z">
          <params>
            <param index="0">
              <value>
                <![CDATA[org.testng.TestRunner@662df9f5]]>
              </value>
            </param>
          </params>
          <reporter-output>
          </reporter-output>
        </test-method> <!-- Start -->
      </class> <!-- com.qasim.test.CNNbIOS -->
      <class name="com.qasim.test.CNNaIOS">
        <test-method status="PASS" signature="Start(org.testng.ITestContext)[pri:0, instance:com.qasim.test.CNNaIOS@6d4b1c02]" name="Start" duration-ms="96" started-at="2018-01-21T00:44:27Z" finished-at="2018-01-21T00:44:27Z">
          <params>
            <param index="0">
              <value>
                <![CDATA[org.testng.TestRunner@662df9f5]]>
              </value>
            </param>
          </params>
          <reporter-output>
          </reporter-output>
        </test-method> <!-- Start -->
      </class> <!-- com.qasim.test.CNNaIOS -->
      <class name="com.qasim.test.ebayProfitListingUpgrades">
        <test-method status="PASS" signature="Start(org.testng.ITestContext)[pri:0, instance:com.qasim.test.ebayProfitListingUpgrades@57baeedf]" name="Start" duration-ms="137" started-at="2018-01-21T00:44:27Z" finished-at="2018-01-21T00:44:27Z">
          <params>
            <param index="0">
              <value>
                <![CDATA[org.testng.TestRunner@662df9f5]]>
              </value>
            </param>
          </params>
          <reporter-output>
          </reporter-output>
        </test-method> <!-- Start -->
      </class> <!-- com.qasim.test.ebayProfitListingUpgrades -->
      <class name="com.qasim.test.myAppLogin">
        <test-method status="PASS" signature="Start(org.testng.ITestContext)[pri:0, instance:com.qasim.test.myAppLogin@239963d8]" name="Start" duration-ms="7" started-at="2018-01-21T00:44:27Z" finished-at="2018-01-21T00:44:27Z">
          <params>
            <param index="0">
              <value>
                <![CDATA[org.testng.TestRunner@662df9f5]]>
              </value>
            </param>
          </params>
          <reporter-output>
          </reporter-output>
        </test-method> <!-- Start -->
      </class> <!-- com.qasim.test.myAppLogin -->
      <class name="com.qasim.test.topTenAppsAndroid">
        <test-method status="PASS" signature="Start(org.testng.ITestContext)[pri:0, instance:com.qasim.test.topTenAppsAndroid@598067a5]" name="Start" duration-ms="262" started-at="2018-01-21T00:44:27Z" finished-at="2018-01-21T00:44:27Z">
          <params>
            <param index="0">
              <value>
                <![CDATA[org.testng.TestRunner@662df9f5]]>
              </value>
            </param>
          </params>
          <reporter-output>
          </reporter-output>
        </test-method> <!-- Start -->
      </class> <!-- com.qasim.test.topTenAppsAndroid -->
      <class name="com.qasim.test.failingTest">
        <test-method status="PASS" signature="Start(org.testng.ITestContext)[pri:0, instance:com.qasim.test.failingTest@f6c48ac]" name="Start" duration-ms="194" started-at="2018-01-21T00:44:27Z" finished-at="2018-01-21T00:44:27Z">
          <params>
            <param index="0">
              <value>
                <![CDATA[org.testng.TestRunner@662df9f5]]>
              </value>
            </param>
          </params>
          <reporter-output>
          </reporter-output>
        </test-method> <!-- Start -->
      </class> <!-- com.qasim.test.failingTest -->
      <class name="com.qasim.test.topTenAppsIOS">
        <test-method status="PASS" signature="Start(org.testng.ITestContext)[pri:0, instance:com.qasim.test.topTenAppsIOS@14bf9759]" name="Start" duration-ms="14" started-at="2018-01-21T00:44:27Z" finished-at="2018-01-21T00:44:27Z">
          <params>
            <param index="0">
              <value>
                <![CDATA[org.testng.TestRunner@662df9f5]]>
              </value>
            </param>
          </params>
          <reporter-output>
          </reporter-output>
        </test-method> <!-- Start -->
      </class> <!-- com.qasim.test.topTenAppsIOS -->
      <class name="com.qasim.test.ebayProfitCalculate">
        <test-method status="PASS" signature="Start(org.testng.ITestContext)[pri:0, instance:com.qasim.test.ebayProfitCalculate@42e26948]" name="Start" duration-ms="139" started-at="2018-01-21T00:44:27Z" finished-at="2018-01-21T00:44:27Z">
          <params>
            <param index="0">
              <value>
                <![CDATA[org.testng.TestRunner@662df9f5]]>
              </value>
            </param>
          </params>
          <reporter-output>
          </reporter-output>
        </test-method> <!-- Start -->
      </class> <!-- com.qasim.test.ebayProfitCalculate -->
    </test> <!-- All-Suite -->
    <test name="One-Tset-On-One-Device" duration-ms="661435" started-at="2018-01-20T22:44:28Z" finished-at="2018-01-20T22:55:29Z">
      <class name="com.qasim.test.CNNbIOS">
        <test-method status="PASS" signature="Start(org.testng.ITestContext)[pri:0, instance:com.qasim.test.CNNbIOS@3159c4b8]" name="Start" duration-ms="661339" started-at="2018-01-21T00:44:28Z" finished-at="2018-01-21T00:55:29Z">
          <params>
            <param index="0">
              <value>
                <![CDATA[org.testng.TestRunner@5b5a482]]>
              </value>
            </param>
          </params>
          <reporter-output>
          </reporter-output>
        </test-method> <!-- Start -->
      </class> <!-- com.qasim.test.CNNbIOS -->
      <class name="com.qasim.test.CNNbAndroid">
        <test-method status="PASS" signature="Start(org.testng.ITestContext)[pri:0, instance:com.qasim.test.CNNbAndroid@4b952a2d]" name="Start" duration-ms="661376" started-at="2018-01-21T00:44:28Z" finished-at="2018-01-21T00:55:29Z">
          <params>
            <param index="0">
              <value>
                <![CDATA[org.testng.TestRunner@5b5a482]]>
              </value>
            </param>
          </params>
          <reporter-output>
          </reporter-output>
        </test-method> <!-- Start -->
        <test-method status="PASS" signature="tearDown()[pri:0, instance:com.qasim.test.CNNbAndroid@4b952a2d]" name="tearDown" is-config="true" duration-ms="12" started-at="2018-01-21T00:55:29Z" finished-at="2018-01-21T00:55:29Z">
          <reporter-output>
          </reporter-output>
        </test-method> <!-- tearDown -->
      </class> <!-- com.qasim.test.CNNbAndroid -->
    </test> <!-- One-Tset-On-One-Device -->
  </suite> <!-- Qasim-Suite -->
</testng-results>
